# JRE version: Java(TM) SE Runtime Environment (8.0_281-b09) (build 1.8.0_281-b09)
# Java VM: Java HotSpot(TM) 64-Bit Server VM (25.281-b09 mixed mode windows-amd64 compressed oops)
Heap:
 PSYoungGen      total 72192K, used 25928K [0x00000000f5580000, 0x00000000faa80000, 0x0000000100000000)
  eden space 61440K, 25% used [0x00000000f5580000,0x00000000f64a02a8,0x00000000f9180000)
  from space 10752K, 97% used [0x00000000f9180000,0x00000000f9bb1e28,0x00000000f9c00000)
  to   space 13312K, 0% used [0x00000000f9d80000,0x00000000f9d80000,0x00000000faa80000)
 ParOldGen       total 175104K, used 18030K [0x00000000e0000000, 0x00000000eab00000, 0x00000000f5580000)
  object space 175104K, 10% used [0x00000000e0000000,0x00000000e119b930,0x00000000eab00000)
 Metaspace       used 46618K, capacity 48564K, committed 48896K, reserved 1091584K
  class space    used 6385K, capacity 6825K, committed 6912K, reserved 1048576K
GC Heap History (10 events):
Event: 17.632 GC heap before
{Heap before GC invocations=7 (full 1):
 PSYoungGen      total 74752K, used 68673K [0x00000000f5580000, 0x00000000fac00000, 0x0000000100000000)
  eden space 64000K, 94% used [0x00000000f5580000,0x00000000f90c3250,0x00000000f9400000)
  from space 10752K, 74% used [0x00000000f9580000,0x00000000f9d4d3e0,0x00000000fa000000)
  to   space 12288K, 0% used [0x00000000fa000000,0x00000000fa000000,0x00000000fac00000)
 ParOldGen       total 175104K, used 7914K [0x00000000e0000000, 0x00000000eab00000, 0x00000000f5580000)
  object space 175104K, 4% used [0x00000000e0000000,0x00000000e07ba970,0x00000000eab00000)
 Metaspace       used 34414K, capacity 35354K, committed 35456K, reserved 1079296K
  class space    used 4710K, capacity 4953K, committed 4992K, reserved 1048576K
Event: 17.651 GC heap after
Heap after GC invocations=7 (full 1):
 PSYoungGen      total 74752K, used 11490K [0x00000000f5580000, 0x00000000fac80000, 0x0000000100000000)
  eden space 62464K, 0% used [0x00000000f5580000,0x00000000f5580000,0x00000000f9280000)
  from space 12288K, 93% used [0x00000000fa000000,0x00000000fab388e0,0x00000000fac00000)
  to   space 13312K, 0% used [0x00000000f9280000,0x00000000f9280000,0x00000000f9f80000)
 ParOldGen       total 175104K, used 7922K [0x00000000e0000000, 0x00000000eab00000, 0x00000000f5580000)
  object space 175104K, 4% used [0x00000000e0000000,0x00000000e07bc970,0x00000000eab00000)
 Metaspace       used 34414K, capacity 35354K, committed 35456K, reserved 1079296K
  class space    used 4710K, capacity 4953K, committed 4992K, reserved 1048576K
}
Event: 17.651 GC heap before
{Heap before GC invocations=8 (full 2):
 PSYoungGen      total 74752K, used 11490K [0x00000000f5580000, 0x00000000fac80000, 0x0000000100000000)
  eden space 62464K, 0% used [0x00000000f5580000,0x00000000f5580000,0x00000000f9280000)
  from space 12288K, 93% used [0x00000000fa000000,0x00000000fab388e0,0x00000000fac00000)
  to   space 13312K, 0% used [0x00000000f9280000,0x00000000f9280000,0x00000000f9f80000)
 ParOldGen       total 175104K, used 7922K [0x00000000e0000000, 0x00000000eab00000, 0x00000000f5580000)
  object space 175104K, 4% used [0x00000000e0000000,0x00000000e07bc970,0x00000000eab00000)
 Metaspace       used 34414K, capacity 35354K, committed 35456K, reserved 1079296K
  class space    used 4710K, capacity 4953K, committed 4992K, reserved 1048576K
Event: 17.706 GC heap after
Heap after GC invocations=8 (full 2):
 PSYoungGen      total 74752K, used 0K [0x00000000f5580000, 0x00000000fac80000, 0x0000000100000000)
  eden space 62464K, 0% used [0x00000000f5580000,0x00000000f5580000,0x00000000f9280000)
  from space 12288K, 0% used [0x00000000fa000000,0x00000000fa000000,0x00000000fac00000)
  to   space 13312K, 0% used [0x00000000f9280000,0x00000000f9280000,0x00000000f9f80000)
 ParOldGen       total 175104K, used 18014K [0x00000000e0000000, 0x00000000eab00000, 0x00000000f5580000)
  object space 175104K, 10% used [0x00000000e0000000,0x00000000e1197930,0x00000000eab00000)
 Metaspace       used 34410K, capacity 35348K, committed 35456K, reserved 1079296K
  class space    used 4709K, capacity 4951K, committed 4992K, reserved 1048576K
}
Event: 19.877 GC heap before
{Heap before GC invocations=9 (full 2):
 PSYoungGen      total 74752K, used 62464K [0x00000000f5580000, 0x00000000fac80000, 0x0000000100000000)
  eden space 62464K, 100% used [0x00000000f5580000,0x00000000f9280000,0x00000000f9280000)
  from space 12288K, 0% used [0x00000000fa000000,0x00000000fa000000,0x00000000fac00000)
  to   space 13312K, 0% used [0x00000000f9280000,0x00000000f9280000,0x00000000f9f80000)
 ParOldGen       total 175104K, used 18014K [0x00000000e0000000, 0x00000000eab00000, 0x00000000f5580000)
  object space 175104K, 10% used [0x00000000e0000000,0x00000000e1197930,0x00000000eab00000)
 Metaspace       used 37704K, capacity 38842K, committed 39040K, reserved 1083392K
  class space    used 5189K, capacity 5473K, committed 5504K, reserved 1048576K
Event: 19.885 GC heap after
Heap after GC invocations=9 (full 2):
 PSYoungGen      total 67072K, used 5820K [0x00000000f5580000, 0x00000000fab00000, 0x0000000100000000)
  eden space 60928K, 0% used [0x00000000f5580000,0x00000000f5580000,0x00000000f9100000)
  from space 6144K, 94% used [0x00000000f9280000,0x00000000f982f010,0x00000000f9880000)
  to   space 13312K, 0% used [0x00000000f9e00000,0x00000000f9e00000,0x00000000fab00000)
 ParOldGen       total 175104K, used 18014K [0x00000000e0000000, 0x00000000eab00000, 0x00000000f5580000)
  object space 175104K, 10% used [0x00000000e0000000,0x00000000e1197930,0x00000000eab00000)
 Metaspace       used 37704K, capacity 38842K, committed 39040K, reserved 1083392K
  class space    used 5189K, capacity 5473K, committed 5504K, reserved 1048576K
}
Event: 23.481 GC heap before
{Heap before GC invocations=10 (full 2):
 PSYoungGen      total 67072K, used 66748K [0x00000000f5580000, 0x00000000fab00000, 0x0000000100000000)
  eden space 60928K, 100% used [0x00000000f5580000,0x00000000f9100000,0x00000000f9100000)
  from space 6144K, 94% used [0x00000000f9280000,0x00000000f982f010,0x00000000f9880000)
  to   space 13312K, 0% used [0x00000000f9e00000,0x00000000f9e00000,0x00000000fab00000)
 ParOldGen       total 175104K, used 18014K [0x00000000e0000000, 0x00000000eab00000, 0x00000000f5580000)
  object space 175104K, 10% used [0x00000000e0000000,0x00000000e1197930,0x00000000eab00000)
 Metaspace       used 40646K, capacity 42214K, committed 42368K, reserved 1085440K
  class space    used 5614K, capacity 5965K, committed 6016K, reserved 1048576K
Event: 23.489 GC heap after
Heap after GC invocations=10 (full 2):
 PSYoungGen      total 74240K, used 7651K [0x00000000f5580000, 0x00000000faa80000, 0x0000000100000000)
  eden space 61440K, 0% used [0x00000000f5580000,0x00000000f5580000,0x00000000f9180000)
  from space 12800K, 59% used [0x00000000f9e00000,0x00000000fa578dc8,0x00000000faa80000)
  to   space 12800K, 0% used [0x00000000f9180000,0x00000000f9180000,0x00000000f9e00000)
 ParOldGen       total 175104K, used 18022K [0x00000000e0000000, 0x00000000eab00000, 0x00000000f5580000)
  object space 175104K, 10% used [0x00000000e0000000,0x00000000e1199930,0x00000000eab00000)
 Metaspace       used 40646K, capacity 42214K, committed 42368K, reserved 1085440K
  class space    used 5614K, capacity 5965K, committed 6016K, reserved 1048576K
}
Event: 36.410 GC heap before
{Heap before GC invocations=11 (full 2):
 PSYoungGen      total 74240K, used 69091K [0x00000000f5580000, 0x00000000faa80000, 0x0000000100000000)
  eden space 61440K, 100% used [0x00000000f5580000,0x00000000f9180000,0x00000000f9180000)
  from space 12800K, 59% used [0x00000000f9e00000,0x00000000fa578dc8,0x00000000faa80000)
  to   space 12800K, 0% used [0x00000000f9180000,0x00000000f9180000,0x00000000f9e00000)
 ParOldGen       total 175104K, used 18022K [0x00000000e0000000, 0x00000000eab00000, 0x00000000f5580000)
  object space 175104K, 10% used [0x00000000e0000000,0x00000000e1199930,0x00000000eab00000)
 Metaspace       used 44304K, capacity 46136K, committed 46208K, reserved 1089536K
  class space    used 6105K, capacity 6525K, committed 6528K, reserved 1048576K
Event: 36.417 GC heap after
Heap after GC invocations=11 (full 2):
 PSYoungGen      total 72192K, used 10439K [0x00000000f5580000, 0x00000000faa80000, 0x0000000100000000)
  eden space 61440K, 0% used [0x00000000f5580000,0x00000000f5580000,0x00000000f9180000)
  from space 10752K, 97% used [0x00000000f9180000,0x00000000f9bb1e28,0x00000000f9c00000)
  to   space 13312K, 0% used [0x00000000f9d80000,0x00000000f9d80000,0x00000000faa80000)
 ParOldGen       total 175104K, used 18030K [0x00000000e0000000, 0x00000000eab00000, 0x00000000f5580000)
  object space 175104K, 10% used [0x00000000e0000000,0x00000000e119b930,0x00000000eab00000)
 Metaspace       used 44304K, capacity 46136K, committed 46208K, reserved 1089536K
  class space    used 6105K, capacity 6525K, committed 6528K, reserved 1048576K
}

